[FATAL] 2023-11-24 21:24:03.012 [main] StepDef - Setup1 executed...
[INFO ] 2023-11-24 21:24:08.042 [main] StepDef - URL opened...
[INFO ] 2023-11-24 21:24:08.594 [main] StepDef - email and password entered...
[INFO ] 2023-11-24 21:24:11.910 [main] StepDef - Clicked On Login Button...
[INFO ] 2023-11-24 21:24:13.949 [main] StepDef - Clicked on logout Button....
[INFO ] 2023-11-24 21:24:14.608 [main] StepDef - Browser Closed.....
[FATAL] 2023-11-24 21:36:37.722 [main] StepDef - Setup1 executed...
[INFO ] 2023-11-24 21:36:44.111 [main] StepDef - URL opened...
[INFO ] 2023-11-24 21:36:44.683 [main] StepDef - email and password entered...
[INFO ] 2023-11-24 21:36:50.591 [main] StepDef - Clicked On Login Button...
[INFO ] 2023-11-24 21:36:52.941 [main] StepDef - Clicked on logout Button....
[INFO ] 2023-11-24 21:36:54.101 [main] StepDef - Browser Closed.....
[FATAL] 2023-11-24 21:49:21.846 [main] StepDef - Setup1 executed...
[INFO ] 2023-11-24 21:49:25.211 [main] StepDef - URL opened...
[INFO ] 2023-11-24 21:49:25.604 [main] StepDef - email and password entered...
[INFO ] 2023-11-24 21:49:29.315 [main] StepDef - Clicked On Login Button...
[INFO ] 2023-11-24 21:49:31.232 [main] StepDef - Clicked on logout Button....
[INFO ] 2023-11-24 21:49:31.624 [main] StepDef - Browser Closed.....
[FATAL] 2023-11-24 21:59:05.316 [main] StepDef - Setup1 executed...
[INFO ] 2023-11-24 21:59:09.515 [main] StepDef - URL opened...
[INFO ] 2023-11-24 21:59:09.909 [main] StepDef - email and password entered...
[INFO ] 2023-11-24 21:59:14.639 [main] StepDef - Clicked On Login Button...
[INFO ] 2023-11-24 21:59:16.138 [main] StepDef - Clicked on logout Button....
[INFO ] 2023-11-24 21:59:16.771 [main] StepDef - Browser Closed.....
[FATAL] 2023-11-24 22:06:13.891 [main] StepDef - Setup1 executed...
[INFO ] 2023-11-24 22:06:22.256 [main] StepDef - URL opened...
[INFO ] 2023-11-24 22:06:22.673 [main] StepDef - email and password entered...
[INFO ] 2023-11-24 22:06:23.977 [main] StepDef - Clicked On Login Button...
[FATAL] 2023-11-24 22:10:05.199 [main] StepDef - Setup1 executed...
[INFO ] 2023-11-24 22:10:11.231 [main] StepDef - URL opened...
[INFO ] 2023-11-24 22:10:11.665 [main] StepDef - email and password entered...
[INFO ] 2023-11-24 22:10:15.255 [main] StepDef - Clicked On Login Button...
[FATAL] 2023-11-24 22:16:08.442 [main] StepDef - Setup1 executed...
[INFO ] 2023-11-24 22:16:13.785 [main] StepDef - URL opened...
[INFO ] 2023-11-24 22:16:14.222 [main] StepDef - email and password entered...
[INFO ] 2023-11-24 22:16:17.681 [main] StepDef - Clicked On Login Button...
[FATAL] 2023-11-24 22:22:27.962 [main] StepDef - Setup1 executed...
[INFO ] 2023-11-24 22:22:32.693 [main] StepDef - URL opened...
[INFO ] 2023-11-24 22:22:33.154 [main] StepDef - email and password entered...
[INFO ] 2023-11-24 22:22:36.915 [main] StepDef - Clicked On Login Button...
[FATAL] 2023-11-24 22:26:10.841 [main] StepDef - Setup1 executed...
[INFO ] 2023-11-24 22:26:18.439 [main] StepDef - URL opened...
[INFO ] 2023-11-24 22:26:18.836 [main] StepDef - email and password entered...
[INFO ] 2023-11-24 22:26:23.450 [main] StepDef - Clicked On Login Button...
[FATAL] 2023-11-24 22:31:05.439 [main] StepDef - Setup1 executed...
[INFO ] 2023-11-24 22:31:11.003 [main] StepDef - URL opened...
[INFO ] 2023-11-24 22:31:11.405 [main] StepDef - email and password entered...
[INFO ] 2023-11-24 22:31:14.208 [main] StepDef - Clicked On Login Button...
[FATAL] 2023-11-24 22:38:17.934 [main] StepDef - Setup1 executed...
[INFO ] 2023-11-24 22:38:25.086 [main] StepDef - URL opened...
[INFO ] 2023-11-24 22:38:25.435 [main] StepDef - email and password entered...
[INFO ] 2023-11-24 22:38:31.884 [main] StepDef - Clicked On Login Button...
[FATAL] 2023-11-24 22:44:32.761 [main] StepDef - Setup1 executed...
[INFO ] 2023-11-24 22:44:43.559 [main] StepDef - URL opened...
[INFO ] 2023-11-24 22:44:43.900 [main] StepDef - email and password entered...
[INFO ] 2023-11-24 22:44:49.355 [main] StepDef - Clicked On Login Button...
[FATAL] 2023-11-24 22:46:26.160 [main] StepDef - Setup1 executed...
[INFO ] 2023-11-24 22:46:34.791 [main] StepDef - URL opened...
[INFO ] 2023-11-24 22:46:35.201 [main] StepDef - email and password entered...
[INFO ] 2023-11-24 22:46:40.841 [main] StepDef - Clicked On Login Button...
[FATAL] 2023-11-24 22:52:30.621 [main] StepDef - Setup1 executed...
[INFO ] 2023-11-24 22:52:43.423 [main] StepDef - URL opened...
[INFO ] 2023-11-24 22:52:43.816 [main] StepDef - email and password entered...
[INFO ] 2023-11-24 22:52:51.928 [main] StepDef - Clicked On Login Button...
[FATAL] 2023-11-24 23:08:23.414 [main] StepDef - Setup1 executed...
[INFO ] 2023-11-24 23:08:31.312 [main] StepDef - URL opened...
[INFO ] 2023-11-24 23:08:31.698 [main] StepDef - email and password entered...
[INFO ] 2023-11-24 23:08:37.060 [main] StepDef - Clicked On Login Button...
[INFO ] 2023-11-24 23:08:39.841 [main] StepDef - Clicked on logout Button....
[INFO ] 2023-11-24 23:08:40.311 [main] StepDef - Browser Closed.....
[FATAL] 2023-11-25 01:17:07.266 [main] StepDef - Setup1 executed...
[INFO ] 2023-11-25 01:17:10.700 [main] StepDef - URL opened...
[INFO ] 2023-11-25 01:17:11.042 [main] StepDef - email and password entered...
[INFO ] 2023-11-25 01:17:19.370 [main] StepDef - Clicked On Login Button...
[INFO ] 2023-11-25 01:17:20.726 [main] StepDef - Clicked on logout Button....
[INFO ] 2023-11-25 01:17:21.848 [main] StepDef - Browser Closed.....
[FATAL] 2023-11-25 01:22:34.219 [main] StepDef - Setup1 executed...
[INFO ] 2023-11-25 01:22:36.235 [main] StepDef - URL opened...
[INFO ] 2023-11-25 01:22:36.590 [main] StepDef - email and password entered...
[INFO ] 2023-11-25 01:22:40.323 [main] StepDef - Clicked On Login Button...
[INFO ] 2023-11-25 01:22:41.680 [main] StepDef - Clicked on logout Button....
[INFO ] 2023-11-25 01:22:41.951 [main] StepDef - Browser Closed.....
[FATAL] 2023-11-25 01:29:55.450 [main] StepDef - Setup1 executed...
[INFO ] 2023-11-25 01:30:07.524 [main] StepDef - URL opened...
[INFO ] 2023-11-25 01:30:08.780 [main] StepDef - email and password entered...
[INFO ] 2023-11-25 01:30:19.015 [main] StepDef - Clicked On Login Button...
[INFO ] 2023-11-25 01:30:20.939 [main] StepDef - Clicked on logout Button....
[INFO ] 2023-11-25 01:30:22.125 [main] StepDef - Browser Closed.....
[FATAL] 2023-11-25 01:32:47.721 [main] StepDef - Setup1 executed...
[INFO ] 2023-11-25 01:32:50.858 [main] StepDef - URL opened...
[INFO ] 2023-11-25 01:32:51.205 [main] StepDef - email and password entered...
[INFO ] 2023-11-25 01:32:56.799 [main] StepDef - Clicked On Login Button...
[INFO ] 2023-11-25 01:32:58.258 [main] StepDef - Clicked on logout Button....
[INFO ] 2023-11-25 01:32:58.742 [main] StepDef - Browser Closed.....
[FATAL] 2023-11-25 01:36:57.149 [main] StepDef - Setup1 executed...
[INFO ] 2023-11-25 01:37:03.098 [main] StepDef - URL opened...
[INFO ] 2023-11-25 01:37:03.433 [main] StepDef - email and password entered...
[INFO ] 2023-11-25 01:37:10.242 [main] StepDef - Clicked On Login Button...
[INFO ] 2023-11-25 01:37:11.827 [main] StepDef - Clicked on logout Button....
[INFO ] 2023-11-25 01:37:13.060 [main] StepDef - Browser Closed.....
[FATAL] 2023-11-25 01:49:14.219 [main] StepDef - Setup1 executed...
[INFO ] 2023-11-25 01:49:16.124 [main] StepDef - URL opened...
[INFO ] 2023-11-25 01:49:16.463 [main] StepDef - email and password entered...
[INFO ] 2023-11-25 01:49:22.745 [main] StepDef - Clicked On Login Button...
[INFO ] 2023-11-25 01:49:25.748 [main] StepDef - Clicked on logout Button....
[INFO ] 2023-11-25 01:49:26.632 [main] StepDef - Browser Closed.....
[FATAL] 2023-11-25 01:54:43.860 [main] StepDef - Setup1 executed...
[INFO ] 2023-11-25 01:54:45.672 [main] StepDef - URL opened...
[INFO ] 2023-11-25 01:54:45.989 [main] StepDef - email and password entered...
[INFO ] 2023-11-25 01:54:49.568 [main] StepDef - Clicked On Login Button...
[INFO ] 2023-11-25 01:54:50.938 [main] StepDef - Clicked on logout Button....
[INFO ] 2023-11-25 01:54:51.435 [main] StepDef - Browser Closed.....
[FATAL] 2023-11-25 02:12:28.073 [main] StepDef - Setup1 executed...
[INFO ] 2023-11-25 02:12:33.248 [main] StepDef - URL opened...
[INFO ] 2023-11-25 02:12:33.796 [main] StepDef - email and password entered...
[INFO ] 2023-11-25 02:12:39.609 [main] StepDef - Clicked On Login Button...
[INFO ] 2023-11-25 02:12:41.388 [main] StepDef - Clicked on logout Button....
[INFO ] 2023-11-25 02:12:41.943 [main] StepDef - Browser Closed.....
[FATAL] 2023-11-25 02:20:17.101 [main] StepDef - Setup1 executed...
[INFO ] 2023-11-25 02:20:19.019 [main] StepDef - URL opened...
[INFO ] 2023-11-25 02:20:19.458 [main] StepDef - email and password entered...
[INFO ] 2023-11-25 02:20:25.315 [main] StepDef - Clicked On Login Button...
[INFO ] 2023-11-25 02:20:26.715 [main] StepDef - Clicked on logout Button....
[INFO ] 2023-11-25 02:20:27.533 [main] StepDef - Browser Closed.....
[FATAL] 2023-11-26 16:35:32.627 [main] StepDef - Setup1 executed...
[INFO ] 2023-11-26 16:35:35.183 [main] StepDef - URL opened...
[INFO ] 2023-11-26 16:35:35.533 [main] StepDef - email and password entered...
[INFO ] 2023-11-26 16:35:40.114 [main] StepDef - Clicked On Login Button...
[INFO ] 2023-11-26 16:35:41.995 [main] StepDef - Clicked on logout Button....
[INFO ] 2023-11-26 16:35:43.064 [main] StepDef - Browser Closed.....
[FATAL] 2023-11-26 16:42:11.557 [main] StepDef - Setup1 executed...
[INFO ] 2023-11-26 16:42:20.906 [main] StepDef - URL opened...
[INFO ] 2023-11-26 16:42:21.254 [main] StepDef - email and password entered...
[INFO ] 2023-11-26 16:42:32.311 [main] StepDef - Clicked On Login Button...
[INFO ] 2023-11-26 16:42:35.889 [main] StepDef - Clicked on logout Button....
[INFO ] 2023-11-26 16:42:36.504 [main] StepDef - Browser Closed.....
[FATAL] 2023-11-26 16:51:59.653 [main] StepDef - Setup1 executed...
[INFO ] 2023-11-26 16:52:02.633 [main] StepDef - URL opened...
[INFO ] 2023-11-26 16:52:02.982 [main] StepDef - email and password entered...
[INFO ] 2023-11-26 16:52:07.388 [main] StepDef - Clicked On Login Button...
[INFO ] 2023-11-26 16:52:07.633 [main] StepDef - DashBoard is Verified......
[INFO ] 2023-11-26 16:52:07.783 [main] StepDef - Clicked on Customers Menu....
[INFO ] 2023-11-26 16:52:15.844 [main] StepDef - Clicked on Customer Menu Item.....
[INFO ] 2023-11-26 16:52:20.415 [main] StepDef - Clicked on Add new Button....
[INFO ] 2023-11-26 16:52:21.666 [main] StepDef - Customer Informations Entered....
[INFO ] 2023-11-26 16:52:23.637 [main] StepDef - Clicked on Save Button
[INFO ] 2023-11-26 16:52:23.703 [main] StepDef - Customer  saved successfully
[INFO ] 2023-11-26 16:52:24.051 [main] StepDef - Browser Closed.....
[FATAL] 2023-11-26 16:52:27.464 [main] StepDef - Setup1 executed...
[INFO ] 2023-11-26 16:52:30.668 [main] StepDef - URL opened...
[INFO ] 2023-11-26 16:52:30.999 [main] StepDef - email and password entered...
[INFO ] 2023-11-26 16:52:33.363 [main] StepDef - Clicked On Login Button...
[INFO ] 2023-11-26 16:52:33.370 [main] StepDef - DashBoard is Verified......
[INFO ] 2023-11-26 16:52:33.514 [main] StepDef - Clicked on Customers Menu....
[INFO ] 2023-11-26 16:52:35.031 [main] StepDef - Clicked on Customer Menu Item.....
[INFO ] 2023-11-26 16:52:35.297 [main] StepDef - Entered email address....
[INFO ] 2023-11-26 16:52:35.579 [main] StepDef - Email Searched Successfully....
[INFO ] 2023-11-26 16:52:35.995 [main] StepDef - Browser Closed.....
[FATAL] 2023-11-26 16:52:39.086 [main] StepDef - Setup1 executed...
[INFO ] 2023-11-26 16:52:41.828 [main] StepDef - URL opened...
[INFO ] 2023-11-26 16:52:42.145 [main] StepDef - email and password entered...
[INFO ] 2023-11-26 16:52:46.893 [main] StepDef - Clicked On Login Button...
[INFO ] 2023-11-26 16:52:46.914 [main] StepDef - DashBoard is Verified......
[INFO ] 2023-11-26 16:52:47.069 [main] StepDef - Clicked on Customers Menu....
[INFO ] 2023-11-26 16:52:48.515 [main] StepDef - Clicked on Customer Menu Item.....
[INFO ] 2023-11-26 16:52:48.618 [main] StepDef - First Name entered....
[INFO ] 2023-11-26 16:52:48.733 [main] StepDef - last Name entered....
[INFO ] 2023-11-26 16:52:48.905 [main] StepDef - Passed Name search
[INFO ] 2023-11-26 16:52:49.240 [main] StepDef - Browser Closed.....
[FATAL] 2023-11-26 16:52:52.845 [main] StepDef - Setup1 executed...
[INFO ] 2023-11-26 16:52:54.883 [main] StepDef - URL opened...
[INFO ] 2023-11-26 16:52:55.250 [main] StepDef - email and password entered...
[INFO ] 2023-11-26 16:52:58.380 [main] StepDef - Clicked On Login Button...
[FATAL] 2023-11-26 16:53:05.521 [main] StepDef - Setup1 executed...
[INFO ] 2023-11-26 16:53:08.373 [main] StepDef - URL opened...
[INFO ] 2023-11-26 16:53:08.711 [main] StepDef - email and password entered...
[INFO ] 2023-11-26 16:53:15.001 [main] StepDef - Clicked On Login Button...
[INFO ] 2023-11-26 16:53:17.911 [main] StepDef - Clicked on logout Button....
[INFO ] 2023-11-26 16:53:18.684 [main] StepDef - Browser Closed.....
[FATAL] 2023-11-26 16:53:28.746 [main] StepDef - Setup1 executed...
[INFO ] 2023-11-26 16:53:38.902 [main] StepDef - URL opened...
[INFO ] 2023-11-26 16:53:39.236 [main] StepDef - email and password entered...
[INFO ] 2023-11-26 16:53:40.537 [main] StepDef - Clicked On Login Button...
[FATAL] 2023-11-27 15:23:08.502 [main] StepDef - Setup1 executed...
[INFO ] 2023-11-27 15:23:10.369 [main] StepDef - URL opened...
[INFO ] 2023-11-27 15:23:10.785 [main] StepDef - email and password entered...
[INFO ] 2023-11-27 15:23:19.015 [main] StepDef - Clicked On Login Button...
[INFO ] 2023-11-27 15:23:19.041 [main] StepDef - DashBoard is Verified......
[INFO ] 2023-11-27 15:23:19.189 [main] StepDef - Clicked on Customers Menu....
[INFO ] 2023-11-27 15:23:20.923 [main] StepDef - Clicked on Customer Menu Item.....
[INFO ] 2023-11-27 15:23:22.788 [main] StepDef - Clicked on Add new Button....
[INFO ] 2023-11-27 15:23:24.075 [main] StepDef - Customer Informations Entered....
[INFO ] 2023-11-27 15:23:25.697 [main] StepDef - Clicked on Save Button
[INFO ] 2023-11-27 15:23:25.740 [main] StepDef - Customer  saved successfully
[INFO ] 2023-11-27 15:23:26.691 [main] StepDef - Browser Closed.....
[FATAL] 2023-11-27 15:23:37.999 [main] StepDef - Setup1 executed...
[INFO ] 2023-11-27 15:23:39.674 [main] StepDef - URL opened...
[INFO ] 2023-11-27 15:23:40.037 [main] StepDef - email and password entered...
[INFO ] 2023-11-27 15:23:45.324 [main] StepDef - Clicked On Login Button...
[INFO ] 2023-11-27 15:23:45.336 [main] StepDef - DashBoard is Verified......
[INFO ] 2023-11-27 15:23:45.708 [main] StepDef - Clicked on Customers Menu....
[INFO ] 2023-11-27 15:23:48.106 [main] StepDef - Clicked on Customer Menu Item.....
[INFO ] 2023-11-27 15:23:48.336 [main] StepDef - Entered email address....
[INFO ] 2023-11-27 15:23:48.722 [main] StepDef - Email Searched Successfully....
[INFO ] 2023-11-27 15:23:49.134 [main] StepDef - Browser Closed.....
[FATAL] 2023-11-27 15:23:53.806 [main] StepDef - Setup1 executed...
[INFO ] 2023-11-27 15:23:55.335 [main] StepDef - URL opened...
[INFO ] 2023-11-27 15:23:55.676 [main] StepDef - email and password entered...
[INFO ] 2023-11-27 15:23:58.985 [main] StepDef - Clicked On Login Button...
[INFO ] 2023-11-27 15:23:59.004 [main] StepDef - DashBoard is Verified......
[INFO ] 2023-11-27 15:23:59.154 [main] StepDef - Clicked on Customers Menu....
[INFO ] 2023-11-27 15:24:00.834 [main] StepDef - Clicked on Customer Menu Item.....
[INFO ] 2023-11-27 15:24:01.029 [main] StepDef - First Name entered....
[INFO ] 2023-11-27 15:24:01.180 [main] StepDef - last Name entered....
[INFO ] 2023-11-27 15:24:01.384 [main] StepDef - Passed Name search
[INFO ] 2023-11-27 15:24:01.682 [main] StepDef - Browser Closed.....
[FATAL] 2023-11-27 15:24:05.976 [main] StepDef - Setup1 executed...
[INFO ] 2023-11-27 15:24:08.572 [main] StepDef - URL opened...
[INFO ] 2023-11-27 15:24:08.911 [main] StepDef - email and password entered...
[INFO ] 2023-11-27 15:24:13.741 [main] StepDef - Clicked On Login Button...
[INFO ] 2023-11-27 15:24:15.106 [main] StepDef - Clicked on logout Button....
[INFO ] 2023-11-27 15:24:15.522 [main] StepDef - Browser Closed.....
[FATAL] 2023-11-27 15:24:19.872 [main] StepDef - Setup1 executed...
[INFO ] 2023-11-27 15:24:21.770 [main] StepDef - URL opened...
[INFO ] 2023-11-27 15:24:22.105 [main] StepDef - email and password entered...
[INFO ] 2023-11-27 15:24:25.904 [main] StepDef - Clicked On Login Button...
[INFO ] 2023-11-27 15:24:27.171 [main] StepDef - Clicked on logout Button....
[INFO ] 2023-11-27 15:24:27.513 [main] StepDef - Browser Closed.....
[FATAL] 2023-11-27 15:24:31.198 [main] StepDef - Setup1 executed...
[INFO ] 2023-11-27 15:24:34.650 [main] StepDef - URL opened...
[INFO ] 2023-11-27 15:24:34.983 [main] StepDef - email and password entered...
[INFO ] 2023-11-27 15:24:35.407 [main] StepDef - Clicked On Login Button...
[FATAL] 2023-11-27 15:26:19.606 [main] StepDef - Setup1 executed...
[INFO ] 2023-11-27 15:26:22.513 [main] StepDef - URL opened...
[INFO ] 2023-11-27 15:26:22.877 [main] StepDef - email and password entered...
[INFO ] 2023-11-27 15:26:33.949 [main] StepDef - Clicked On Login Button...
[INFO ] 2023-11-27 15:26:33.967 [main] StepDef - DashBoard is Verified......
[INFO ] 2023-11-27 15:26:34.069 [main] StepDef - Clicked on Customers Menu....
[INFO ] 2023-11-27 15:26:36.149 [main] StepDef - Clicked on Customer Menu Item.....
[INFO ] 2023-11-27 15:26:37.572 [main] StepDef - Clicked on Add new Button....
[INFO ] 2023-11-27 15:26:38.988 [main] StepDef - Customer Informations Entered....
[INFO ] 2023-11-27 15:26:40.365 [main] StepDef - Clicked on Save Button
[INFO ] 2023-11-27 15:26:40.437 [main] StepDef - Customer  saved successfully
[INFO ] 2023-11-27 15:26:41.252 [main] StepDef - Browser Closed.....
[FATAL] 2023-11-27 15:26:46.988 [main] StepDef - Setup1 executed...
[INFO ] 2023-11-27 15:26:53.866 [main] StepDef - URL opened...
[INFO ] 2023-11-27 15:26:54.207 [main] StepDef - email and password entered...
[INFO ] 2023-11-27 15:26:58.868 [main] StepDef - Clicked On Login Button...
[INFO ] 2023-11-27 15:26:58.922 [main] StepDef - DashBoard is Verified......
[INFO ] 2023-11-27 15:26:59.057 [main] StepDef - Clicked on Customers Menu....
[INFO ] 2023-11-27 15:27:01.076 [main] StepDef - Clicked on Customer Menu Item.....
[INFO ] 2023-11-27 15:27:01.265 [main] StepDef - Entered email address....
[INFO ] 2023-11-27 15:27:01.646 [main] StepDef - Email Searched Successfully....
[INFO ] 2023-11-27 15:27:03.216 [main] StepDef - Browser Closed.....
[FATAL] 2023-11-27 15:27:08.286 [main] StepDef - Setup1 executed...
[INFO ] 2023-11-27 15:27:12.556 [main] StepDef - URL opened...
[INFO ] 2023-11-27 15:27:12.881 [main] StepDef - email and password entered...
[INFO ] 2023-11-27 15:27:16.009 [main] StepDef - Clicked On Login Button...
[INFO ] 2023-11-27 15:27:16.018 [main] StepDef - DashBoard is Verified......
[INFO ] 2023-11-27 15:27:16.141 [main] StepDef - Clicked on Customers Menu....
[INFO ] 2023-11-27 15:27:17.662 [main] StepDef - Clicked on Customer Menu Item.....
[INFO ] 2023-11-27 15:27:17.898 [main] StepDef - First Name entered....
[INFO ] 2023-11-27 15:27:18.015 [main] StepDef - last Name entered....
[INFO ] 2023-11-27 15:27:18.214 [main] StepDef - Passed Name search
[INFO ] 2023-11-27 15:27:18.776 [main] StepDef - Browser Closed.....
[FATAL] 2023-11-27 15:27:22.268 [main] StepDef - Setup1 executed...
[INFO ] 2023-11-27 15:27:28.226 [main] StepDef - URL opened...
[INFO ] 2023-11-27 15:27:28.565 [main] StepDef - email and password entered...
[INFO ] 2023-11-27 15:27:31.932 [main] StepDef - Clicked On Login Button...
[INFO ] 2023-11-27 15:27:33.244 [main] StepDef - Clicked on logout Button....
[INFO ] 2023-11-27 15:27:33.423 [main] StepDef - Browser Closed.....
[FATAL] 2023-11-27 15:27:37.622 [main] StepDef - Setup1 executed...
[INFO ] 2023-11-27 15:27:39.671 [main] StepDef - URL opened...
[INFO ] 2023-11-27 15:27:40.006 [main] StepDef - email and password entered...
[INFO ] 2023-11-27 15:27:43.217 [main] StepDef - Clicked On Login Button...
[INFO ] 2023-11-27 15:27:44.478 [main] StepDef - Clicked on logout Button....
[INFO ] 2023-11-27 15:27:44.953 [main] StepDef - Browser Closed.....
[FATAL] 2023-11-27 15:27:49.197 [main] StepDef - Setup1 executed...
[INFO ] 2023-11-27 15:27:50.632 [main] StepDef - URL opened...
[INFO ] 2023-11-27 15:27:50.953 [main] StepDef - email and password entered...
[INFO ] 2023-11-27 15:27:53.434 [main] StepDef - Clicked On Login Button...
[FATAL] 2023-11-27 15:42:09.961 [main] StepDef - Setup1 executed...
[INFO ] 2023-11-27 15:42:16.111 [main] StepDef - URL opened...
[INFO ] 2023-11-27 15:42:16.526 [main] StepDef - email and password entered...
[INFO ] 2023-11-27 15:42:21.854 [main] StepDef - Clicked On Login Button...
[INFO ] 2023-11-27 15:42:21.866 [main] StepDef - DashBoard is Verified......
[INFO ] 2023-11-27 15:42:22.003 [main] StepDef - Clicked on Customers Menu....
[INFO ] 2023-11-27 15:42:25.384 [main] StepDef - Clicked on Customer Menu Item.....
[INFO ] 2023-11-27 15:42:28.229 [main] StepDef - Clicked on Add new Button....
[INFO ] 2023-11-27 15:42:29.778 [main] StepDef - Customer Informations Entered....
[INFO ] 2023-11-27 15:42:31.879 [main] StepDef - Clicked on Save Button
[INFO ] 2023-11-27 15:42:31.926 [main] StepDef - Customer  saved successfully
[INFO ] 2023-11-27 15:42:32.794 [main] StepDef - Browser Closed.....
[FATAL] 2023-11-27 15:42:37.887 [main] StepDef - Setup1 executed...
[INFO ] 2023-11-27 15:42:40.618 [main] StepDef - URL opened...
[INFO ] 2023-11-27 15:42:40.967 [main] StepDef - email and password entered...
[INFO ] 2023-11-27 15:42:44.815 [main] StepDef - Clicked On Login Button...
[INFO ] 2023-11-27 15:42:44.893 [main] StepDef - DashBoard is Verified......
[INFO ] 2023-11-27 15:42:45.061 [main] StepDef - Clicked on Customers Menu....
[INFO ] 2023-11-27 15:42:46.625 [main] StepDef - Clicked on Customer Menu Item.....
[INFO ] 2023-11-27 15:42:46.867 [main] StepDef - Entered email address....
[INFO ] 2023-11-27 15:42:47.283 [main] StepDef - Email Searched Successfully....
[INFO ] 2023-11-27 15:42:47.723 [main] StepDef - Browser Closed.....
[FATAL] 2023-11-27 15:42:51.821 [main] StepDef - Setup1 executed...
[INFO ] 2023-11-27 15:42:54.150 [main] StepDef - URL opened...
[INFO ] 2023-11-27 15:42:54.495 [main] StepDef - email and password entered...
[INFO ] 2023-11-27 15:43:01.542 [main] StepDef - Clicked On Login Button...
[INFO ] 2023-11-27 15:43:01.562 [main] StepDef - DashBoard is Verified......
[INFO ] 2023-11-27 15:43:01.711 [main] StepDef - Clicked on Customers Menu....
[INFO ] 2023-11-27 15:43:04.245 [main] StepDef - Clicked on Customer Menu Item.....
[INFO ] 2023-11-27 15:43:04.358 [main] StepDef - First Name entered....
[INFO ] 2023-11-27 15:43:04.472 [main] StepDef - last Name entered....
[INFO ] 2023-11-27 15:43:04.664 [main] StepDef - Passed Name search
[INFO ] 2023-11-27 15:43:04.754 [main] StepDef - Browser Closed.....
[FATAL] 2023-11-27 15:43:09.062 [main] StepDef - Setup1 executed...
[INFO ] 2023-11-27 15:43:12.292 [main] StepDef - URL opened...
[INFO ] 2023-11-27 15:43:12.647 [main] StepDef - email and password entered...
[INFO ] 2023-11-27 15:43:16.882 [main] StepDef - Clicked On Login Button...
[INFO ] 2023-11-27 15:43:18.454 [main] StepDef - Clicked on logout Button....
[INFO ] 2023-11-27 15:43:18.812 [main] StepDef - Browser Closed.....
[FATAL] 2023-11-27 15:43:22.248 [main] StepDef - Setup1 executed...
[INFO ] 2023-11-27 15:43:25.211 [main] StepDef - URL opened...
[INFO ] 2023-11-27 15:43:25.544 [main] StepDef - email and password entered...
[INFO ] 2023-11-27 15:43:29.474 [main] StepDef - Clicked On Login Button...
[INFO ] 2023-11-27 15:43:30.863 [main] StepDef - Clicked on logout Button....
[INFO ] 2023-11-27 15:43:31.076 [main] StepDef - Browser Closed.....
[FATAL] 2023-11-27 15:43:34.129 [main] StepDef - Setup1 executed...
[INFO ] 2023-11-27 15:43:37.746 [main] StepDef - URL opened...
[INFO ] 2023-11-27 15:43:38.070 [main] StepDef - email and password entered...
[INFO ] 2023-11-27 15:43:38.569 [main] StepDef - Clicked On Login Button...
[FATAL] 2023-11-27 15:48:57.174 [main] StepDef - Setup1 executed...
[INFO ] 2023-11-27 15:49:01.462 [main] StepDef - URL opened...
[INFO ] 2023-11-27 15:49:01.847 [main] StepDef - email and password entered...
[INFO ] 2023-11-27 15:49:09.827 [main] StepDef - Clicked On Login Button...
[INFO ] 2023-11-27 15:49:09.843 [main] StepDef - DashBoard is Verified......
[INFO ] 2023-11-27 15:49:10.011 [main] StepDef - Clicked on Customers Menu....
[INFO ] 2023-11-27 15:49:12.541 [main] StepDef - Clicked on Customer Menu Item.....
[INFO ] 2023-11-27 15:49:14.177 [main] StepDef - Clicked on Add new Button....
[INFO ] 2023-11-27 15:49:15.495 [main] StepDef - Customer Informations Entered....
[INFO ] 2023-11-27 15:49:18.821 [main] StepDef - Clicked on Save Button
[INFO ] 2023-11-27 15:49:18.866 [main] StepDef - Customer  saved successfully
[INFO ] 2023-11-27 15:49:19.124 [main] StepDef - Browser Closed.....
[FATAL] 2023-11-27 15:49:37.370 [main] StepDef - Setup1 executed...
[INFO ] 2023-11-27 15:49:43.070 [main] StepDef - URL opened...
[INFO ] 2023-11-27 15:49:43.425 [main] StepDef - email and password entered...
[INFO ] 2023-11-27 15:49:49.554 [main] StepDef - Clicked On Login Button...
[INFO ] 2023-11-27 15:49:49.567 [main] StepDef - DashBoard is Verified......
[INFO ] 2023-11-27 15:49:49.694 [main] StepDef - Clicked on Customers Menu....
[INFO ] 2023-11-27 15:49:53.125 [main] StepDef - Clicked on Customer Menu Item.....
[INFO ] 2023-11-27 15:49:53.374 [main] StepDef - Entered email address....
[FATAL] 2023-11-27 15:50:15.918 [main] StepDef - Setup1 executed...
[INFO ] 2023-11-27 15:50:18.478 [main] StepDef - URL opened...
[INFO ] 2023-11-27 15:50:18.780 [main] StepDef - email and password entered...
[INFO ] 2023-11-27 15:50:27.164 [main] StepDef - Clicked On Login Button...
[INFO ] 2023-11-27 15:50:27.201 [main] StepDef - DashBoard is Verified......
[INFO ] 2023-11-27 15:50:27.349 [main] StepDef - Clicked on Customers Menu....
[INFO ] 2023-11-27 15:50:29.942 [main] StepDef - Clicked on Customer Menu Item.....
[INFO ] 2023-11-27 15:50:30.052 [main] StepDef - First Name entered....
[INFO ] 2023-11-27 15:50:30.269 [main] StepDef - last Name entered....
[INFO ] 2023-11-27 15:50:30.513 [main] StepDef - Passed Name search
[INFO ] 2023-11-27 15:50:34.584 [main] StepDef - Browser Closed.....
[FATAL] 2023-11-27 15:50:48.018 [main] StepDef - Setup1 executed...
[INFO ] 2023-11-27 15:50:54.290 [main] StepDef - URL opened...
[INFO ] 2023-11-27 15:50:54.642 [main] StepDef - email and password entered...
[INFO ] 2023-11-27 15:51:01.293 [main] StepDef - Clicked On Login Button...
[INFO ] 2023-11-27 15:51:04.537 [main] StepDef - Clicked on logout Button....
[INFO ] 2023-11-27 15:51:05.082 [main] StepDef - Browser Closed.....
[FATAL] 2023-11-27 15:51:11.937 [main] StepDef - Setup1 executed...
[INFO ] 2023-11-27 15:51:16.579 [main] StepDef - URL opened...
[INFO ] 2023-11-27 15:51:16.933 [main] StepDef - email and password entered...
[INFO ] 2023-11-27 15:51:22.057 [main] StepDef - Clicked On Login Button...
[INFO ] 2023-11-27 15:51:23.595 [main] StepDef - Clicked on logout Button....
[INFO ] 2023-11-27 15:51:24.260 [main] StepDef - Browser Closed.....
[FATAL] 2023-11-27 15:51:29.134 [main] StepDef - Setup1 executed...
[INFO ] 2023-11-27 15:51:33.342 [main] StepDef - URL opened...
[INFO ] 2023-11-27 15:51:33.770 [main] StepDef - email and password entered...
[INFO ] 2023-11-27 15:51:35.080 [main] StepDef - Clicked On Login Button...
[FATAL] 2023-11-27 16:40:42.485 [main] StepDef - Setup1 executed...
[INFO ] 2023-11-27 16:40:44.040 [main] StepDef - URL opened...
[INFO ] 2023-11-27 16:40:47.161 [main] StepDef - email and password entered...
[INFO ] 2023-11-27 16:40:54.431 [main] StepDef - Clicked On Login Button...
[INFO ] 2023-11-27 16:40:54.467 [main] StepDef - DashBoard is Verified......
[INFO ] 2023-11-27 16:40:54.574 [main] StepDef - Clicked on Customers Menu....
[INFO ] 2023-11-27 16:40:56.421 [main] StepDef - Clicked on Customer Menu Item.....
[INFO ] 2023-11-27 16:40:58.284 [main] StepDef - Clicked on Add new Button....
[INFO ] 2023-11-27 16:41:01.275 [main] StepDef - Customer Informations Entered....
[INFO ] 2023-11-27 16:41:04.006 [main] StepDef - Clicked on Save Button
[INFO ] 2023-11-27 16:41:04.338 [main] StepDef - Customer  saved successfully
[INFO ] 2023-11-27 16:41:08.371 [main] StepDef - Browser Closed.....
[FATAL] 2023-11-27 16:41:22.543 [main] StepDef - Setup1 executed...
[INFO ] 2023-11-27 16:41:26.268 [main] StepDef - URL opened...
[INFO ] 2023-11-27 16:41:26.596 [main] StepDef - email and password entered...
[INFO ] 2023-11-27 16:41:36.440 [main] StepDef - Clicked On Login Button...
[INFO ] 2023-11-27 16:41:36.458 [main] StepDef - DashBoard is Verified......
[INFO ] 2023-11-27 16:41:36.566 [main] StepDef - Clicked on Customers Menu....
[INFO ] 2023-11-27 16:41:40.890 [main] StepDef - Clicked on Customer Menu Item.....
[INFO ] 2023-11-27 16:41:41.091 [main] StepDef - Entered email address....
[INFO ] 2023-11-27 16:41:41.366 [main] StepDef - Email Searched Successfully....
[INFO ] 2023-11-27 16:41:42.230 [main] StepDef - Browser Closed.....
[FATAL] 2023-11-27 16:41:50.723 [main] StepDef - Setup1 executed...
[INFO ] 2023-11-27 16:41:57.870 [main] StepDef - URL opened...
[INFO ] 2023-11-27 16:41:58.213 [main] StepDef - email and password entered...
[INFO ] 2023-11-27 16:42:05.557 [main] StepDef - Clicked On Login Button...
[INFO ] 2023-11-27 16:42:05.568 [main] StepDef - DashBoard is Verified......
[INFO ] 2023-11-27 16:42:05.683 [main] StepDef - Clicked on Customers Menu....
[INFO ] 2023-11-27 16:42:09.059 [main] StepDef - Clicked on Customer Menu Item.....
[INFO ] 2023-11-27 16:42:09.167 [main] StepDef - First Name entered....
[INFO ] 2023-11-27 16:42:09.300 [main] StepDef - last Name entered....
[INFO ] 2023-11-27 16:42:09.473 [main] StepDef - Passed Name search
[INFO ] 2023-11-27 16:42:09.918 [main] StepDef - Browser Closed.....
[FATAL] 2023-11-27 16:42:14.886 [main] StepDef - Setup1 executed...
[INFO ] 2023-11-27 16:42:18.016 [main] StepDef - URL opened...
[INFO ] 2023-11-27 16:42:18.357 [main] StepDef - email and password entered...
[INFO ] 2023-11-27 16:42:21.838 [main] StepDef - Clicked On Login Button...
[FATAL] 2023-11-27 16:42:27.941 [main] StepDef - Setup1 executed...
[INFO ] 2023-11-27 16:42:32.525 [main] StepDef - URL opened...
[INFO ] 2023-11-27 16:42:32.943 [main] StepDef - email and password entered...
[INFO ] 2023-11-27 16:42:41.588 [main] StepDef - Clicked On Login Button...
[INFO ] 2023-11-27 16:42:44.534 [main] StepDef - Clicked on logout Button....
[INFO ] 2023-11-27 16:42:44.916 [main] StepDef - Browser Closed.....
[FATAL] 2023-11-27 17:16:34.303 [main] StepDef - Setup1 executed...
[INFO ] 2023-11-27 17:16:37.723 [main] StepDef - URL opened...
[INFO ] 2023-11-27 17:16:40.987 [main] StepDef - email and password entered...
[INFO ] 2023-11-27 17:16:47.983 [main] StepDef - Clicked On Login Button...
[INFO ] 2023-11-27 17:16:48.021 [main] StepDef - DashBoard is Verified......
[INFO ] 2023-11-27 17:16:48.132 [main] StepDef - Clicked on Customers Menu....
[INFO ] 2023-11-27 17:16:50.397 [main] StepDef - Clicked on Customer Menu Item.....
[INFO ] 2023-11-27 17:16:51.948 [main] StepDef - Clicked on Add new Button....
[INFO ] 2023-11-27 17:16:53.759 [main] StepDef - Customer Informations Entered....
[INFO ] 2023-11-27 17:16:55.407 [main] StepDef - Clicked on Save Button
[INFO ] 2023-11-27 17:16:55.562 [main] StepDef - Customer  saved successfully
[INFO ] 2023-11-27 17:16:56.666 [main] StepDef - Browser Closed.....
[FATAL] 2023-11-27 17:17:05.985 [main] StepDef - Setup1 executed...
[INFO ] 2023-11-27 17:17:10.667 [main] StepDef - URL opened...
[INFO ] 2023-11-27 17:17:10.987 [main] StepDef - email and password entered...
[INFO ] 2023-11-27 17:17:18.298 [main] StepDef - Clicked On Login Button...
[INFO ] 2023-11-27 17:17:18.327 [main] StepDef - DashBoard is Verified......
[INFO ] 2023-11-27 17:17:18.420 [main] StepDef - Clicked on Customers Menu....
[INFO ] 2023-11-27 17:17:20.350 [main] StepDef - Clicked on Customer Menu Item.....
[INFO ] 2023-11-27 17:17:20.548 [main] StepDef - Entered email address....
[INFO ] 2023-11-27 17:17:20.806 [main] StepDef - Email Searched Successfully....
[INFO ] 2023-11-27 17:17:21.341 [main] StepDef - Browser Closed.....
[FATAL] 2023-11-27 17:17:30.235 [main] StepDef - Setup1 executed...
[INFO ] 2023-11-27 17:17:37.062 [main] StepDef - URL opened...
[INFO ] 2023-11-27 17:17:37.380 [main] StepDef - email and password entered...
[INFO ] 2023-11-27 17:17:49.277 [main] StepDef - Clicked On Login Button...
[INFO ] 2023-11-27 17:17:49.295 [main] StepDef - DashBoard is Verified......
[INFO ] 2023-11-27 17:17:49.449 [main] StepDef - Clicked on Customers Menu....
[INFO ] 2023-11-27 17:17:54.079 [main] StepDef - Clicked on Customer Menu Item.....
[INFO ] 2023-11-27 17:17:54.187 [main] StepDef - First Name entered....
[INFO ] 2023-11-27 17:17:54.302 [main] StepDef - last Name entered....
[INFO ] 2023-11-27 17:17:54.477 [main] StepDef - Passed Name search
[INFO ] 2023-11-27 17:17:55.294 [main] StepDef - Browser Closed.....
[FATAL] 2023-11-27 17:18:01.925 [main] StepDef - Setup1 executed...
[INFO ] 2023-11-27 17:18:07.448 [main] StepDef - URL opened...
[INFO ] 2023-11-27 17:18:07.806 [main] StepDef - email and password entered...
[INFO ] 2023-11-27 17:18:12.457 [main] StepDef - Clicked On Login Button...
[INFO ] 2023-11-27 17:18:14.764 [main] StepDef - Clicked on logout Button....
[INFO ] 2023-11-27 17:18:15.426 [main] StepDef - Browser Closed.....
[FATAL] 2023-11-27 17:18:22.939 [main] StepDef - Setup1 executed...
[INFO ] 2023-11-27 17:18:27.465 [main] StepDef - URL opened...
[INFO ] 2023-11-27 17:18:27.775 [main] StepDef - email and password entered...
[INFO ] 2023-11-27 17:18:31.180 [main] StepDef - Clicked On Login Button...
[INFO ] 2023-11-27 17:18:33.081 [main] StepDef - Clicked on logout Button....
[INFO ] 2023-11-27 17:18:33.384 [main] StepDef - Browser Closed.....
[FATAL] 2023-11-27 17:18:37.198 [main] StepDef - Setup1 executed...
[INFO ] 2023-11-27 17:18:41.489 [main] StepDef - URL opened...
[INFO ] 2023-11-27 17:18:41.882 [main] StepDef - email and password entered...
[INFO ] 2023-11-27 17:18:42.929 [main] StepDef - Clicked On Login Button...
[FATAL] 2023-11-27 17:23:54.211 [main] StepDef - Setup1 executed...
[INFO ] 2023-11-27 17:23:56.739 [main] StepDef - URL opened...
[INFO ] 2023-11-27 17:23:57.098 [main] StepDef - email and password entered...
[INFO ] 2023-11-27 17:24:01.864 [main] StepDef - Clicked On Login Button...
[INFO ] 2023-11-27 17:24:01.923 [main] StepDef - DashBoard is Verified......
[INFO ] 2023-11-27 17:24:02.045 [main] StepDef - Clicked on Customers Menu....
[INFO ] 2023-11-27 17:24:03.610 [main] StepDef - Clicked on Customer Menu Item.....
[INFO ] 2023-11-27 17:24:05.195 [main] StepDef - Clicked on Add new Button....
[INFO ] 2023-11-27 17:24:06.397 [main] StepDef - Customer Informations Entered....
[INFO ] 2023-11-27 17:24:08.465 [main] StepDef - Clicked on Save Button
[INFO ] 2023-11-27 17:24:08.520 [main] StepDef - Customer  saved successfully
[INFO ] 2023-11-27 17:24:08.893 [main] StepDef - Browser Closed.....
[FATAL] 2023-11-27 17:24:17.414 [main] StepDef - Setup1 executed...
[INFO ] 2023-11-27 17:24:26.181 [main] StepDef - URL opened...
[INFO ] 2023-11-27 17:24:26.492 [main] StepDef - email and password entered...
[INFO ] 2023-11-27 17:24:34.994 [main] StepDef - Clicked On Login Button...
[INFO ] 2023-11-27 17:24:35.012 [main] StepDef - DashBoard is Verified......
[INFO ] 2023-11-27 17:24:35.112 [main] StepDef - Clicked on Customers Menu....
[INFO ] 2023-11-27 17:24:41.959 [main] StepDef - Clicked on Customer Menu Item.....
[INFO ] 2023-11-27 17:24:42.144 [main] StepDef - Entered email address....
[INFO ] 2023-11-27 17:24:42.464 [main] StepDef - Email Searched Successfully....
[INFO ] 2023-11-27 17:24:44.579 [main] StepDef - Browser Closed.....
[FATAL] 2023-11-27 17:24:49.703 [main] StepDef - Setup1 executed...
[INFO ] 2023-11-27 17:25:00.967 [main] StepDef - URL opened...
[INFO ] 2023-11-27 17:25:01.295 [main] StepDef - email and password entered...
[INFO ] 2023-11-27 17:25:13.888 [main] StepDef - Clicked On Login Button...
[INFO ] 2023-11-27 17:25:13.896 [main] StepDef - DashBoard is Verified......
[INFO ] 2023-11-27 17:25:14.071 [main] StepDef - Clicked on Customers Menu....
[INFO ] 2023-11-27 17:25:18.829 [main] StepDef - Clicked on Customer Menu Item.....
[INFO ] 2023-11-27 17:25:19.058 [main] StepDef - First Name entered....
[INFO ] 2023-11-27 17:25:19.166 [main] StepDef - last Name entered....
[INFO ] 2023-11-27 17:25:19.345 [main] StepDef - Passed Name search
[INFO ] 2023-11-27 17:25:20.538 [main] StepDef - Browser Closed.....
[FATAL] 2023-11-27 17:25:27.643 [main] StepDef - Setup1 executed...
[INFO ] 2023-11-27 17:25:32.129 [main] StepDef - URL opened...
[INFO ] 2023-11-27 17:25:32.499 [main] StepDef - email and password entered...
[INFO ] 2023-11-27 17:25:36.323 [main] StepDef - Clicked On Login Button...
[INFO ] 2023-11-27 17:25:38.605 [main] StepDef - Clicked on logout Button....
[INFO ] 2023-11-27 17:25:39.083 [main] StepDef - Browser Closed.....
[FATAL] 2023-11-27 17:25:47.042 [main] StepDef - Setup1 executed...
[INFO ] 2023-11-27 17:25:49.448 [main] StepDef - URL opened...
[INFO ] 2023-11-27 17:25:49.812 [main] StepDef - email and password entered...
[INFO ] 2023-11-27 17:25:54.293 [main] StepDef - Clicked On Login Button...
[INFO ] 2023-11-27 17:25:56.599 [main] StepDef - Clicked on logout Button....
[INFO ] 2023-11-27 17:25:56.875 [main] StepDef - Browser Closed.....
[FATAL] 2023-11-27 17:26:01.369 [main] StepDef - Setup1 executed...
[INFO ] 2023-11-27 17:26:03.041 [main] StepDef - URL opened...
[INFO ] 2023-11-27 17:26:03.388 [main] StepDef - email and password entered...
[INFO ] 2023-11-27 17:26:03.805 [main] StepDef - Clicked On Login Button...
[FATAL] 2023-11-27 18:11:58.938 [main] StepDef - Setup1 executed...
[INFO ] 2023-11-27 18:12:01.731 [main] StepDef - URL opened...
[INFO ] 2023-11-27 18:12:02.073 [main] StepDef - email and password entered...
[INFO ] 2023-11-27 18:12:05.095 [main] StepDef - Clicked On Login Button...
[INFO ] 2023-11-27 18:12:05.136 [main] StepDef - DashBoard is Verified......
[INFO ] 2023-11-27 18:12:05.228 [main] StepDef - Clicked on Customers Menu....
[INFO ] 2023-11-27 18:12:06.897 [main] StepDef - Clicked on Customer Menu Item.....
[INFO ] 2023-11-27 18:12:08.296 [main] StepDef - Clicked on Add new Button....
[INFO ] 2023-11-27 18:12:09.315 [main] StepDef - Customer Informations Entered....
[INFO ] 2023-11-27 18:12:10.828 [main] StepDef - Clicked on Save Button
[INFO ] 2023-11-27 18:12:10.868 [main] StepDef - Customer  saved successfully
[INFO ] 2023-11-27 18:12:11.152 [main] StepDef - Browser Closed.....
[FATAL] 2023-11-27 18:12:14.863 [main] StepDef - Setup1 executed...
[INFO ] 2023-11-27 18:12:17.165 [main] StepDef - URL opened...
[INFO ] 2023-11-27 18:12:17.463 [main] StepDef - email and password entered...
[INFO ] 2023-11-27 18:12:20.330 [main] StepDef - Clicked On Login Button...
[INFO ] 2023-11-27 18:12:20.341 [main] StepDef - DashBoard is Verified......
[INFO ] 2023-11-27 18:12:20.468 [main] StepDef - Clicked on Customers Menu....
[INFO ] 2023-11-27 18:12:21.923 [main] StepDef - Clicked on Customer Menu Item.....
[INFO ] 2023-11-27 18:12:22.158 [main] StepDef - Entered email address....
[INFO ] 2023-11-27 18:12:22.429 [main] StepDef - Email Searched Successfully....
[INFO ] 2023-11-27 18:12:22.651 [main] StepDef - Browser Closed.....
[FATAL] 2023-11-27 18:12:25.971 [main] StepDef - Setup1 executed...
[INFO ] 2023-11-27 18:12:27.824 [main] StepDef - URL opened...
[INFO ] 2023-11-27 18:12:28.116 [main] StepDef - email and password entered...
[INFO ] 2023-11-27 18:12:31.266 [main] StepDef - Clicked On Login Button...
[INFO ] 2023-11-27 18:12:31.291 [main] StepDef - DashBoard is Verified......
[INFO ] 2023-11-27 18:12:31.382 [main] StepDef - Clicked on Customers Menu....
[INFO ] 2023-11-27 18:12:32.879 [main] StepDef - Clicked on Customer Menu Item.....
[INFO ] 2023-11-27 18:12:32.996 [main] StepDef - First Name entered....
[INFO ] 2023-11-27 18:12:33.157 [main] StepDef - last Name entered....
[INFO ] 2023-11-27 18:12:33.313 [main] StepDef - Passed Name search
[INFO ] 2023-11-27 18:12:33.604 [main] StepDef - Browser Closed.....
[FATAL] 2023-11-27 18:12:36.557 [main] StepDef - Setup1 executed...
[INFO ] 2023-11-27 18:12:41.721 [main] StepDef - URL opened...
[INFO ] 2023-11-27 18:12:42.027 [main] StepDef - email and password entered...
[INFO ] 2023-11-27 18:12:45.805 [main] StepDef - Clicked On Login Button...
[INFO ] 2023-11-27 18:12:48.069 [main] StepDef - Clicked on logout Button....
[INFO ] 2023-11-27 18:12:48.307 [main] StepDef - Browser Closed.....
[FATAL] 2023-11-27 18:12:52.250 [main] StepDef - Setup1 executed...
[INFO ] 2023-11-27 18:12:54.966 [main] StepDef - URL opened...
[INFO ] 2023-11-27 18:12:55.255 [main] StepDef - email and password entered...
[INFO ] 2023-11-27 18:12:58.834 [main] StepDef - Clicked On Login Button...
[FATAL] 2023-11-27 18:13:04.906 [main] StepDef - Setup1 executed...
[INFO ] 2023-11-27 18:13:09.419 [main] StepDef - URL opened...
[INFO ] 2023-11-27 18:13:09.738 [main] StepDef - email and password entered...
[INFO ] 2023-11-27 18:13:10.138 [main] StepDef - Clicked On Login Button...
[FATAL] 2023-11-27 18:14:48.973 [main] StepDef - Setup1 executed...
[INFO ] 2023-11-27 18:14:52.662 [main] StepDef - URL opened...
[INFO ] 2023-11-27 18:14:52.969 [main] StepDef - email and password entered...
[INFO ] 2023-11-27 18:14:56.959 [main] StepDef - Clicked On Login Button...
[INFO ] 2023-11-27 18:14:57.003 [main] StepDef - DashBoard is Verified......
[INFO ] 2023-11-27 18:14:57.121 [main] StepDef - Clicked on Customers Menu....
[INFO ] 2023-11-27 18:14:58.552 [main] StepDef - Clicked on Customer Menu Item.....
[INFO ] 2023-11-27 18:14:59.892 [main] StepDef - Clicked on Add new Button....
[INFO ] 2023-11-27 18:15:00.951 [main] StepDef - Customer Informations Entered....
[INFO ] 2023-11-27 18:15:02.580 [main] StepDef - Clicked on Save Button
[INFO ] 2023-11-27 18:15:02.639 [main] StepDef - Customer  saved successfully
[INFO ] 2023-11-27 18:15:03.226 [main] StepDef - Browser Closed.....
[FATAL] 2023-11-27 18:15:06.750 [main] StepDef - Setup1 executed...
[INFO ] 2023-11-27 18:15:14.818 [main] StepDef - URL opened...
[INFO ] 2023-11-27 18:15:15.139 [main] StepDef - email and password entered...
[INFO ] 2023-11-27 18:15:19.644 [main] StepDef - Clicked On Login Button...
[INFO ] 2023-11-27 18:15:19.662 [main] StepDef - DashBoard is Verified......
[INFO ] 2023-11-27 18:15:19.774 [main] StepDef - Clicked on Customers Menu....
[INFO ] 2023-11-27 18:15:21.478 [main] StepDef - Clicked on Customer Menu Item.....
[INFO ] 2023-11-27 18:15:21.643 [main] StepDef - Entered email address....
[INFO ] 2023-11-27 18:15:21.952 [main] StepDef - Email Searched Successfully....
[INFO ] 2023-11-27 18:15:22.679 [main] StepDef - Browser Closed.....
[FATAL] 2023-11-27 18:15:28.224 [main] StepDef - Setup1 executed...
[INFO ] 2023-11-27 18:15:33.785 [main] StepDef - URL opened...
[INFO ] 2023-11-27 18:15:34.079 [main] StepDef - email and password entered...
[INFO ] 2023-11-27 18:15:37.577 [main] StepDef - Clicked On Login Button...
[INFO ] 2023-11-27 18:15:37.633 [main] StepDef - DashBoard is Verified......
[INFO ] 2023-11-27 18:15:37.724 [main] StepDef - Clicked on Customers Menu....
[INFO ] 2023-11-27 18:15:39.117 [main] StepDef - Clicked on Customer Menu Item.....
[INFO ] 2023-11-27 18:15:39.268 [main] StepDef - First Name entered....
[INFO ] 2023-11-27 18:15:39.393 [main] StepDef - last Name entered....
[INFO ] 2023-11-27 18:15:39.572 [main] StepDef - Passed Name search
[INFO ] 2023-11-27 18:15:39.888 [main] StepDef - Browser Closed.....
[FATAL] 2023-11-27 18:15:43.207 [main] StepDef - Setup1 executed...
[INFO ] 2023-11-27 18:15:46.707 [main] StepDef - URL opened...
[INFO ] 2023-11-27 18:15:46.998 [main] StepDef - email and password entered...
[INFO ] 2023-11-27 18:15:50.106 [main] StepDef - Clicked On Login Button...
[INFO ] 2023-11-27 18:15:52.126 [main] StepDef - Clicked on logout Button....
[INFO ] 2023-11-27 18:15:52.340 [main] StepDef - Browser Closed.....
[FATAL] 2023-11-27 18:15:58.387 [main] StepDef - Setup1 executed...
[INFO ] 2023-11-27 18:16:02.983 [main] StepDef - URL opened...
[INFO ] 2023-11-27 18:16:03.289 [main] StepDef - email and password entered...
[INFO ] 2023-11-27 18:16:06.455 [main] StepDef - Clicked On Login Button...
[FATAL] 2023-11-27 18:16:14.708 [main] StepDef - Setup1 executed...
[INFO ] 2023-11-27 18:16:19.200 [main] StepDef - URL opened...
[INFO ] 2023-11-27 18:16:19.525 [main] StepDef - email and password entered...
[INFO ] 2023-11-27 18:16:19.927 [main] StepDef - Clicked On Login Button...
